[2012/12/24 17:02:41][HTB.DevFx.Exceptions.Web.HttpWebExceptionHandler][[70000]ERROR]
Test Exception Module
GET http://localhost:8296/
hash code:20888418
request headers:
Cache-Control=max-age%3d0&Connection=keep-alive&Accept=text%2fhtml%2capplication%2fxhtml%2bxml%2capplication%2fxml%3bq%3d0.9%2c*%2f*%3bq%3d0.8&Accept-Charset=GBK%2cutf-8%3bq%3d0.7%2c*%3bq%3d0.3&Accept-Encoding=gzip%2cdeflate%2csdch&Accept-Language=zh-CN%2czh%3bq%3d0.8&Cookie=panelstate_ActiveDiscussions%3d0%3b+panelstate_InformationPanel%3d0%3b+panelstate_ShoutBoxPanel%3d1%3b+panelstate_categoryPanel1%3d0%3b+PreviousVisit%3d8%2f24%2f2012+12%3a21%3a57+PM%3b+CNZZDATA4659444%3dcnzz_eid%3d57211118-1350909427-%26ntime%3d1350914942%26cnzz_a%3d5%26retime%3d1350915108022%26sin%3d%26ltime%3d1350915108022%26rtime%3d0&Host=localhost%3a8296&User-Agent=Mozilla%2f5.0+(Windows+NT+6.1%3b+WOW64)+AppleWebKit%2f537.11+(KHTML%2c+like+Gecko)+Chrome%2f23.0.1271.97+Safari%2f537.11
request data:

client ip:127.0.0.1
server name/ip:R2-NB
auth username:
duration:62.0035
error data:
System.Exception: Test Exception Module
   at MvcApplication1.Controllers.HomeController.Index() in D:\WorkShop\DevFx\CodeplexNew\trunk\Testing\MvcApplication1\Controllers\HomeController.cs:line 9
   at lambda_method(Closure , ControllerBase , Object[] )
   at System.Web.Mvc.ActionMethodDispatcher.Execute(ControllerBase controller, Object[] parameters)
   at System.Web.Mvc.ReflectedActionDescriptor.Execute(ControllerContext controllerContext, IDictionary`2 parameters)
   at System.Web.Mvc.ControllerActionInvoker.InvokeActionMethod(ControllerContext controllerContext, ActionDescriptor actionDescriptor, IDictionary`2 parameters)
   at System.Web.Mvc.ControllerActionInvoker.<>c__DisplayClass15.<InvokeActionMethodWithFilters>b__12()
   at System.Web.Mvc.ControllerActionInvoker.InvokeActionMethodFilter(IActionFilter filter, ActionExecutingContext preContext, Func`1 continuation)
   at System.Web.Mvc.ControllerActionInvoker.<>c__DisplayClass15.<>c__DisplayClass17.<InvokeActionMethodWithFilters>b__14()
   at System.Web.Mvc.ControllerActionInvoker.InvokeActionMethodWithFilters(ControllerContext controllerContext, IList`1 filters, ActionDescriptor actionDescriptor, IDictionary`2 parameters)
   at System.Web.Mvc.ControllerActionInvoker.InvokeAction(ControllerContext controllerContext, String actionName)
   at System.Web.Mvc.Controller.ExecuteCore()
   at System.Web.Mvc.ControllerBase.Execute(RequestContext requestContext)
   at System.Web.Mvc.ControllerBase.System.Web.Mvc.IController.Execute(RequestContext requestContext)
   at System.Web.Mvc.MvcHandler.<>c__DisplayClass6.<>c__DisplayClassb.<BeginProcessRequest>b__5()
   at System.Web.Mvc.Async.AsyncResultWrapper.<>c__DisplayClass1.<MakeVoidDelegate>b__0()
   at System.Web.Mvc.Async.AsyncResultWrapper.<>c__DisplayClass8`1.<BeginSynchronous>b__7(IAsyncResult _)
   at System.Web.Mvc.Async.AsyncResultWrapper.WrappedAsyncResult`1.End()
   at System.Web.Mvc.MvcHandler.<>c__DisplayClasse.<EndProcessRequest>b__d()
   at System.Web.Mvc.SecurityUtil.<GetCallInAppTrustThunk>b__0(Action f)
   at System.Web.Mvc.SecurityUtil.ProcessInApplicationTrust(Action action)
   at System.Web.Mvc.MvcHandler.EndProcessRequest(IAsyncResult asyncResult)
   at System.Web.Mvc.MvcHandler.System.Web.IHttpAsyncHandler.EndProcessRequest(IAsyncResult result)
   at System.Web.HttpApplication.CallHandlerExecutionStep.System.Web.HttpApplication.IExecutionStep.Execute()
   at System.Web.HttpApplication.ExecuteStep(IExecutionStep step, Boolean& completedSynchronously)


------------------
[2012/12/24 17:02:41][HTB.DevFx.Exceptions.ExceptionHandler][[70000]ERROR]
HTB.DevFx.Exceptions.Web.HttpWebException: Test Exception Module ---> System.Exception: Test Exception Module
   at MvcApplication1.Controllers.HomeController.Index() in D:\WorkShop\DevFx\CodeplexNew\trunk\Testing\MvcApplication1\Controllers\HomeController.cs:line 9
   at lambda_method(Closure , ControllerBase , Object[] )
   at System.Web.Mvc.ActionMethodDispatcher.Execute(ControllerBase controller, Object[] parameters)
   at System.Web.Mvc.ReflectedActionDescriptor.Execute(ControllerContext controllerContext, IDictionary`2 parameters)
   at System.Web.Mvc.ControllerActionInvoker.InvokeActionMethod(ControllerContext controllerContext, ActionDescriptor actionDescriptor, IDictionary`2 parameters)
   at System.Web.Mvc.ControllerActionInvoker.<>c__DisplayClass15.<InvokeActionMethodWithFilters>b__12()
   at System.Web.Mvc.ControllerActionInvoker.InvokeActionMethodFilter(IActionFilter filter, ActionExecutingContext preContext, Func`1 continuation)
   at System.Web.Mvc.ControllerActionInvoker.<>c__DisplayClass15.<>c__DisplayClass17.<InvokeActionMethodWithFilters>b__14()
   at System.Web.Mvc.ControllerActionInvoker.InvokeActionMethodWithFilters(ControllerContext controllerContext, IList`1 filters, ActionDescriptor actionDescriptor, IDictionary`2 parameters)
   at System.Web.Mvc.ControllerActionInvoker.InvokeAction(ControllerContext controllerContext, String actionName)
   at System.Web.Mvc.Controller.ExecuteCore()
   at System.Web.Mvc.ControllerBase.Execute(RequestContext requestContext)
   at System.Web.Mvc.ControllerBase.System.Web.Mvc.IController.Execute(RequestContext requestContext)
   at System.Web.Mvc.MvcHandler.<>c__DisplayClass6.<>c__DisplayClassb.<BeginProcessRequest>b__5()
   at System.Web.Mvc.Async.AsyncResultWrapper.<>c__DisplayClass1.<MakeVoidDelegate>b__0()
   at System.Web.Mvc.Async.AsyncResultWrapper.<>c__DisplayClass8`1.<BeginSynchronous>b__7(IAsyncResult _)
   at System.Web.Mvc.Async.AsyncResultWrapper.WrappedAsyncResult`1.End()
   at System.Web.Mvc.MvcHandler.<>c__DisplayClasse.<EndProcessRequest>b__d()
   at System.Web.Mvc.SecurityUtil.<GetCallInAppTrustThunk>b__0(Action f)
   at System.Web.Mvc.SecurityUtil.ProcessInApplicationTrust(Action action)
   at System.Web.Mvc.MvcHandler.EndProcessRequest(IAsyncResult asyncResult)
   at System.Web.Mvc.MvcHandler.System.Web.IHttpAsyncHandler.EndProcessRequest(IAsyncResult result)
   at System.Web.HttpApplication.CallHandlerExecutionStep.System.Web.HttpApplication.IExecutionStep.Execute()
   at System.Web.HttpApplication.ExecuteStep(IExecutionStep step, Boolean& completedSynchronously)
   --- End of inner exception stack trace ---

------------------
[2012/12/24 17:02:41][HTB.DevFx.Exceptions.Web.HttpWebExceptionHandler][[70000]ERROR]
The controller for path '/favicon.ico' was not found or does not implement IController.
GET http://localhost:8296/favicon.ico
hash code:62648246
request headers:
Connection=keep-alive&Accept=*%2f*&Accept-Charset=GBK%2cutf-8%3bq%3d0.7%2c*%3bq%3d0.3&Accept-Encoding=gzip%2cdeflate%2csdch&Accept-Language=zh-CN%2czh%3bq%3d0.8&Cookie=panelstate_ActiveDiscussions%3d0%3b+panelstate_InformationPanel%3d0%3b+panelstate_ShoutBoxPanel%3d1%3b+panelstate_categoryPanel1%3d0%3b+PreviousVisit%3d8%2f24%2f2012+12%3a21%3a57+PM%3b+CNZZDATA4659444%3dcnzz_eid%3d57211118-1350909427-%26ntime%3d1350914942%26cnzz_a%3d5%26retime%3d1350915108022%26sin%3d%26ltime%3d1350915108022%26rtime%3d0&Host=localhost%3a8296&User-Agent=Mozilla%2f5.0+(Windows+NT+6.1%3b+WOW64)+AppleWebKit%2f537.11+(KHTML%2c+like+Gecko)+Chrome%2f23.0.1271.97+Safari%2f537.11
request data:

client ip:127.0.0.1
server name/ip:R2-NB
auth username:
duration:2.0001
error data:
System.Web.HttpException (0x80004005): The controller for path '/favicon.ico' was not found or does not implement IController.
   at System.Web.Mvc.DefaultControllerFactory.GetControllerInstance(RequestContext requestContext, Type controllerType)
   at System.Web.Mvc.DefaultControllerFactory.CreateController(RequestContext requestContext, String controllerName)
   at System.Web.Mvc.MvcHandler.ProcessRequestInit(HttpContextBase httpContext, IController& controller, IControllerFactory& factory)
   at System.Web.Mvc.MvcHandler.<>c__DisplayClass6.<BeginProcessRequest>b__2()
   at System.Web.Mvc.SecurityUtil.<>c__DisplayClassb`1.<ProcessInApplicationTrust>b__a()
   at System.Web.Mvc.SecurityUtil.<GetCallInAppTrustThunk>b__0(Action f)
   at System.Web.Mvc.SecurityUtil.ProcessInApplicationTrust(Action action)
   at System.Web.Mvc.SecurityUtil.ProcessInApplicationTrust[TResult](Func`1 func)
   at System.Web.Mvc.MvcHandler.BeginProcessRequest(HttpContextBase httpContext, AsyncCallback callback, Object state)
   at System.Web.Mvc.MvcHandler.BeginProcessRequest(HttpContext httpContext, AsyncCallback callback, Object state)
   at System.Web.Mvc.MvcHandler.System.Web.IHttpAsyncHandler.BeginProcessRequest(HttpContext context, AsyncCallback cb, Object extraData)
   at System.Web.HttpApplication.CallHandlerExecutionStep.System.Web.HttpApplication.IExecutionStep.Execute()
   at System.Web.HttpApplication.ExecuteStep(IExecutionStep step, Boolean& completedSynchronously)


------------------
[2012/12/24 17:02:41][HTB.DevFx.Exceptions.ExceptionHandler][[70000]ERROR]
HTB.DevFx.Exceptions.Web.HttpWebException: The controller for path '/favicon.ico' was not found or does not implement IController. ---> System.Web.HttpException: The controller for path '/favicon.ico' was not found or does not implement IController.
   at System.Web.Mvc.DefaultControllerFactory.GetControllerInstance(RequestContext requestContext, Type controllerType)
   at System.Web.Mvc.DefaultControllerFactory.CreateController(RequestContext requestContext, String controllerName)
   at System.Web.Mvc.MvcHandler.ProcessRequestInit(HttpContextBase httpContext, IController& controller, IControllerFactory& factory)
   at System.Web.Mvc.MvcHandler.<>c__DisplayClass6.<BeginProcessRequest>b__2()
   at System.Web.Mvc.SecurityUtil.<>c__DisplayClassb`1.<ProcessInApplicationTrust>b__a()
   at System.Web.Mvc.SecurityUtil.<GetCallInAppTrustThunk>b__0(Action f)
   at System.Web.Mvc.SecurityUtil.ProcessInApplicationTrust(Action action)
   at System.Web.Mvc.SecurityUtil.ProcessInApplicationTrust[TResult](Func`1 func)
   at System.Web.Mvc.MvcHandler.BeginProcessRequest(HttpContextBase httpContext, AsyncCallback callback, Object state)
   at System.Web.Mvc.MvcHandler.BeginProcessRequest(HttpContext httpContext, AsyncCallback callback, Object state)
   at System.Web.Mvc.MvcHandler.System.Web.IHttpAsyncHandler.BeginProcessRequest(HttpContext context, AsyncCallback cb, Object extraData)
   at System.Web.HttpApplication.CallHandlerExecutionStep.System.Web.HttpApplication.IExecutionStep.Execute()
   at System.Web.HttpApplication.ExecuteStep(IExecutionStep step, Boolean& completedSynchronously)
   --- End of inner exception stack trace ---

------------------

[2012/12/24 17:02:44][HTB.DevFx.Exceptions.Web.HttpWebExceptionHandler][[70000]ERROR]
The controller for path '/favicon.ico' was not found or does not implement IController.
GET http://localhost:8296/favicon.ico
hash code:12114238
request headers:
Connection=keep-alive&Accept=*%2f*&Accept-Charset=GBK%2cutf-8%3bq%3d0.7%2c*%3bq%3d0.3&Accept-Encoding=gzip%2cdeflate%2csdch&Accept-Language=zh-CN%2czh%3bq%3d0.8&Cookie=panelstate_ActiveDiscussions%3d0%3b+panelstate_InformationPanel%3d0%3b+panelstate_ShoutBoxPanel%3d1%3b+panelstate_categoryPanel1%3d0%3b+PreviousVisit%3d8%2f24%2f2012+12%3a21%3a57+PM%3b+CNZZDATA4659444%3dcnzz_eid%3d57211118-1350909427-%26ntime%3d1350914942%26cnzz_a%3d5%26retime%3d1350915108022%26sin%3d%26ltime%3d1350915108022%26rtime%3d0&Host=localhost%3a8296&User-Agent=Mozilla%2f5.0+(Windows+NT+6.1%3b+WOW64)+AppleWebKit%2f537.11+(KHTML%2c+like+Gecko)+Chrome%2f23.0.1271.97+Safari%2f537.11
request data:

client ip:127.0.0.1
server name/ip:R2-NB
auth username:
duration:1.0001
error data:
System.Web.HttpException (0x80004005): The controller for path '/favicon.ico' was not found or does not implement IController.
   at System.Web.Mvc.DefaultControllerFactory.GetControllerInstance(RequestContext requestContext, Type controllerType)
   at System.Web.Mvc.DefaultControllerFactory.CreateController(RequestContext requestContext, String controllerName)
   at System.Web.Mvc.MvcHandler.ProcessRequestInit(HttpContextBase httpContext, IController& controller, IControllerFactory& factory)
   at System.Web.Mvc.MvcHandler.<>c__DisplayClass6.<BeginProcessRequest>b__2()
   at System.Web.Mvc.SecurityUtil.<>c__DisplayClassb`1.<ProcessInApplicationTrust>b__a()
   at System.Web.Mvc.SecurityUtil.<GetCallInAppTrustThunk>b__0(Action f)
   at System.Web.Mvc.SecurityUtil.ProcessInApplicationTrust(Action action)
   at System.Web.Mvc.SecurityUtil.ProcessInApplicationTrust[TResult](Func`1 func)
   at System.Web.Mvc.MvcHandler.BeginProcessRequest(HttpContextBase httpContext, AsyncCallback callback, Object state)
   at System.Web.Mvc.MvcHandler.BeginProcessRequest(HttpContext httpContext, AsyncCallback callback, Object state)
   at System.Web.Mvc.MvcHandler.System.Web.IHttpAsyncHandler.BeginProcessRequest(HttpContext context, AsyncCallback cb, Object extraData)
   at System.Web.HttpApplication.CallHandlerExecutionStep.System.Web.HttpApplication.IExecutionStep.Execute()
   at System.Web.HttpApplication.ExecuteStep(IExecutionStep step, Boolean& completedSynchronously)


------------------
[2012/12/24 17:02:44][HTB.DevFx.Exceptions.ExceptionHandler][[70000]ERROR]
HTB.DevFx.Exceptions.Web.HttpWebException: The controller for path '/favicon.ico' was not found or does not implement IController. ---> System.Web.HttpException: The controller for path '/favicon.ico' was not found or does not implement IController.
   at System.Web.Mvc.DefaultControllerFactory.GetControllerInstance(RequestContext requestContext, Type controllerType)
   at System.Web.Mvc.DefaultControllerFactory.CreateController(RequestContext requestContext, String controllerName)
   at System.Web.Mvc.MvcHandler.ProcessRequestInit(HttpContextBase httpContext, IController& controller, IControllerFactory& factory)
   at System.Web.Mvc.MvcHandler.<>c__DisplayClass6.<BeginProcessRequest>b__2()
   at System.Web.Mvc.SecurityUtil.<>c__DisplayClassb`1.<ProcessInApplicationTrust>b__a()
   at System.Web.Mvc.SecurityUtil.<GetCallInAppTrustThunk>b__0(Action f)
   at System.Web.Mvc.SecurityUtil.ProcessInApplicationTrust(Action action)
   at System.Web.Mvc.SecurityUtil.ProcessInApplicationTrust[TResult](Func`1 func)
   at System.Web.Mvc.MvcHandler.BeginProcessRequest(HttpContextBase httpContext, AsyncCallback callback, Object state)
   at System.Web.Mvc.MvcHandler.BeginProcessRequest(HttpContext httpContext, AsyncCallback callback, Object state)
   at System.Web.Mvc.MvcHandler.System.Web.IHttpAsyncHandler.BeginProcessRequest(HttpContext context, AsyncCallback cb, Object extraData)
   at System.Web.HttpApplication.CallHandlerExecutionStep.System.Web.HttpApplication.IExecutionStep.Execute()
   at System.Web.HttpApplication.ExecuteStep(IExecutionStep step, Boolean& completedSynchronously)
   --- End of inner exception stack trace ---

------------------

[2012/12/24 17:03:15][HTB.DevFx.Exceptions.Web.HttpWebExceptionHandler][[70000]ERROR]
Test Exception Module
GET http://localhost:8296/
hash code:24002550
request headers:
Cache-Control=max-age%3d0&Connection=keep-alive&Accept=text%2fhtml%2capplication%2fxhtml%2bxml%2capplication%2fxml%3bq%3d0.9%2c*%2f*%3bq%3d0.8&Accept-Charset=GBK%2cutf-8%3bq%3d0.7%2c*%3bq%3d0.3&Accept-Encoding=gzip%2cdeflate%2csdch&Accept-Language=zh-CN%2czh%3bq%3d0.8&Cookie=panelstate_ActiveDiscussions%3d0%3b+panelstate_InformationPanel%3d0%3b+panelstate_ShoutBoxPanel%3d1%3b+panelstate_categoryPanel1%3d0%3b+PreviousVisit%3d8%2f24%2f2012+12%3a21%3a57+PM%3b+CNZZDATA4659444%3dcnzz_eid%3d57211118-1350909427-%26ntime%3d1350914942%26cnzz_a%3d5%26retime%3d1350915108022%26sin%3d%26ltime%3d1350915108022%26rtime%3d0&Host=localhost%3a8296&User-Agent=Mozilla%2f5.0+(Windows+NT+6.1%3b+WOW64)+AppleWebKit%2f537.11+(KHTML%2c+like+Gecko)+Chrome%2f23.0.1271.97+Safari%2f537.11
request data:

client ip:127.0.0.1
server name/ip:R2-NB
auth username:
duration:18468.0563
error data:
System.Exception: Test Exception Module
   at MvcApplication1.Controllers.HomeController.Index() in D:\WorkShop\DevFx\CodeplexNew\trunk\Testing\MvcApplication1\Controllers\HomeController.cs:line 9
   at lambda_method(Closure , ControllerBase , Object[] )
   at System.Web.Mvc.ActionMethodDispatcher.Execute(ControllerBase controller, Object[] parameters)
   at System.Web.Mvc.ReflectedActionDescriptor.Execute(ControllerContext controllerContext, IDictionary`2 parameters)
   at System.Web.Mvc.ControllerActionInvoker.InvokeActionMethod(ControllerContext controllerContext, ActionDescriptor actionDescriptor, IDictionary`2 parameters)
   at System.Web.Mvc.ControllerActionInvoker.<>c__DisplayClass15.<InvokeActionMethodWithFilters>b__12()
   at System.Web.Mvc.ControllerActionInvoker.InvokeActionMethodFilter(IActionFilter filter, ActionExecutingContext preContext, Func`1 continuation)
   at System.Web.Mvc.ControllerActionInvoker.<>c__DisplayClass15.<>c__DisplayClass17.<InvokeActionMethodWithFilters>b__14()
   at System.Web.Mvc.ControllerActionInvoker.InvokeActionMethodWithFilters(ControllerContext controllerContext, IList`1 filters, ActionDescriptor actionDescriptor, IDictionary`2 parameters)
   at System.Web.Mvc.ControllerActionInvoker.InvokeAction(ControllerContext controllerContext, String actionName)
   at System.Web.Mvc.Controller.ExecuteCore()
   at System.Web.Mvc.ControllerBase.Execute(RequestContext requestContext)
   at System.Web.Mvc.ControllerBase.System.Web.Mvc.IController.Execute(RequestContext requestContext)
   at System.Web.Mvc.MvcHandler.<>c__DisplayClass6.<>c__DisplayClassb.<BeginProcessRequest>b__5()
   at System.Web.Mvc.Async.AsyncResultWrapper.<>c__DisplayClass1.<MakeVoidDelegate>b__0()
   at System.Web.Mvc.Async.AsyncResultWrapper.<>c__DisplayClass8`1.<BeginSynchronous>b__7(IAsyncResult _)
   at System.Web.Mvc.Async.AsyncResultWrapper.WrappedAsyncResult`1.End()
   at System.Web.Mvc.MvcHandler.<>c__DisplayClasse.<EndProcessRequest>b__d()
   at System.Web.Mvc.SecurityUtil.<GetCallInAppTrustThunk>b__0(Action f)
   at System.Web.Mvc.SecurityUtil.ProcessInApplicationTrust(Action action)
   at System.Web.Mvc.MvcHandler.EndProcessRequest(IAsyncResult asyncResult)
   at System.Web.Mvc.MvcHandler.System.Web.IHttpAsyncHandler.EndProcessRequest(IAsyncResult result)
   at System.Web.HttpApplication.CallHandlerExecutionStep.System.Web.HttpApplication.IExecutionStep.Execute()
   at System.Web.HttpApplication.ExecuteStep(IExecutionStep step, Boolean& completedSynchronously)


------------------

[2012/12/24 17:04:10][HTB.DevFx.Exceptions.ExceptionHandler][[70000]ERROR]
HTB.DevFx.Exceptions.Web.HttpWebException: Test Exception Module ---> System.Exception: Test Exception Module
   at MvcApplication1.Controllers.HomeController.Index() in D:\WorkShop\DevFx\CodeplexNew\trunk\Testing\MvcApplication1\Controllers\HomeController.cs:line 9
   at lambda_method(Closure , ControllerBase , Object[] )
   at System.Web.Mvc.ActionMethodDispatcher.Execute(ControllerBase controller, Object[] parameters)
   at System.Web.Mvc.ReflectedActionDescriptor.Execute(ControllerContext controllerContext, IDictionary`2 parameters)
   at System.Web.Mvc.ControllerActionInvoker.InvokeActionMethod(ControllerContext controllerContext, ActionDescriptor actionDescriptor, IDictionary`2 parameters)
   at System.Web.Mvc.ControllerActionInvoker.<>c__DisplayClass15.<InvokeActionMethodWithFilters>b__12()
   at System.Web.Mvc.ControllerActionInvoker.InvokeActionMethodFilter(IActionFilter filter, ActionExecutingContext preContext, Func`1 continuation)
   at System.Web.Mvc.ControllerActionInvoker.<>c__DisplayClass15.<>c__DisplayClass17.<InvokeActionMethodWithFilters>b__14()
   at System.Web.Mvc.ControllerActionInvoker.InvokeActionMethodWithFilters(ControllerContext controllerContext, IList`1 filters, ActionDescriptor actionDescriptor, IDictionary`2 parameters)
   at System.Web.Mvc.ControllerActionInvoker.InvokeAction(ControllerContext controllerContext, String actionName)
   at System.Web.Mvc.Controller.ExecuteCore()
   at System.Web.Mvc.ControllerBase.Execute(RequestContext requestContext)
   at System.Web.Mvc.ControllerBase.System.Web.Mvc.IController.Execute(RequestContext requestContext)
   at System.Web.Mvc.MvcHandler.<>c__DisplayClass6.<>c__DisplayClassb.<BeginProcessRequest>b__5()
   at System.Web.Mvc.Async.AsyncResultWrapper.<>c__DisplayClass1.<MakeVoidDelegate>b__0()
   at System.Web.Mvc.Async.AsyncResultWrapper.<>c__DisplayClass8`1.<BeginSynchronous>b__7(IAsyncResult _)
   at System.Web.Mvc.Async.AsyncResultWrapper.WrappedAsyncResult`1.End()
   at System.Web.Mvc.MvcHandler.<>c__DisplayClasse.<EndProcessRequest>b__d()
   at System.Web.Mvc.SecurityUtil.<GetCallInAppTrustThunk>b__0(Action f)
   at System.Web.Mvc.SecurityUtil.ProcessInApplicationTrust(Action action)
   at System.Web.Mvc.MvcHandler.EndProcessRequest(IAsyncResult asyncResult)
   at System.Web.Mvc.MvcHandler.System.Web.IHttpAsyncHandler.EndProcessRequest(IAsyncResult result)
   at System.Web.HttpApplication.CallHandlerExecutionStep.System.Web.HttpApplication.IExecutionStep.Execute()
   at System.Web.HttpApplication.ExecuteStep(IExecutionStep step, Boolean& completedSynchronously)
   --- End of inner exception stack trace ---

------------------
[2012/12/24 17:04:10][HTB.DevFx.Exceptions.Web.HttpWebExceptionHandler][[70000]ERROR]
The controller for path '/favicon.ico' was not found or does not implement IController.
GET http://localhost:8296/favicon.ico
hash code:54393670
request headers:
Connection=keep-alive&Accept=*%2f*&Accept-Charset=GBK%2cutf-8%3bq%3d0.7%2c*%3bq%3d0.3&Accept-Encoding=gzip%2cdeflate%2csdch&Accept-Language=zh-CN%2czh%3bq%3d0.8&Cookie=panelstate_ActiveDiscussions%3d0%3b+panelstate_InformationPanel%3d0%3b+panelstate_ShoutBoxPanel%3d1%3b+panelstate_categoryPanel1%3d0%3b+PreviousVisit%3d8%2f24%2f2012+12%3a21%3a57+PM%3b+CNZZDATA4659444%3dcnzz_eid%3d57211118-1350909427-%26ntime%3d1350914942%26cnzz_a%3d5%26retime%3d1350915108022%26sin%3d%26ltime%3d1350915108022%26rtime%3d0&Host=localhost%3a8296&User-Agent=Mozilla%2f5.0+(Windows+NT+6.1%3b+WOW64)+AppleWebKit%2f537.11+(KHTML%2c+like+Gecko)+Chrome%2f23.0.1271.97+Safari%2f537.11
request data:

client ip:127.0.0.1
server name/ip:R2-NB
auth username:
duration:3.0002
error data:
System.Web.HttpException (0x80004005): The controller for path '/favicon.ico' was not found or does not implement IController.
   at System.Web.Mvc.DefaultControllerFactory.GetControllerInstance(RequestContext requestContext, Type controllerType)
   at System.Web.Mvc.DefaultControllerFactory.CreateController(RequestContext requestContext, String controllerName)
   at System.Web.Mvc.MvcHandler.ProcessRequestInit(HttpContextBase httpContext, IController& controller, IControllerFactory& factory)
   at System.Web.Mvc.MvcHandler.<>c__DisplayClass6.<BeginProcessRequest>b__2()
   at System.Web.Mvc.SecurityUtil.<>c__DisplayClassb`1.<ProcessInApplicationTrust>b__a()
   at System.Web.Mvc.SecurityUtil.<GetCallInAppTrustThunk>b__0(Action f)
   at System.Web.Mvc.SecurityUtil.ProcessInApplicationTrust(Action action)
   at System.Web.Mvc.SecurityUtil.ProcessInApplicationTrust[TResult](Func`1 func)
   at System.Web.Mvc.MvcHandler.BeginProcessRequest(HttpContextBase httpContext, AsyncCallback callback, Object state)
   at System.Web.Mvc.MvcHandler.BeginProcessRequest(HttpContext httpContext, AsyncCallback callback, Object state)
   at System.Web.Mvc.MvcHandler.System.Web.IHttpAsyncHandler.BeginProcessRequest(HttpContext context, AsyncCallback cb, Object extraData)
   at System.Web.HttpApplication.CallHandlerExecutionStep.System.Web.HttpApplication.IExecutionStep.Execute()
   at System.Web.HttpApplication.ExecuteStep(IExecutionStep step, Boolean& completedSynchronously)


------------------
[2012/12/24 17:04:10][HTB.DevFx.Exceptions.ExceptionHandler][[70000]ERROR]
HTB.DevFx.Exceptions.Web.HttpWebException: The controller for path '/favicon.ico' was not found or does not implement IController. ---> System.Web.HttpException: The controller for path '/favicon.ico' was not found or does not implement IController.
   at System.Web.Mvc.DefaultControllerFactory.GetControllerInstance(RequestContext requestContext, Type controllerType)
   at System.Web.Mvc.DefaultControllerFactory.CreateController(RequestContext requestContext, String controllerName)
   at System.Web.Mvc.MvcHandler.ProcessRequestInit(HttpContextBase httpContext, IController& controller, IControllerFactory& factory)
   at System.Web.Mvc.MvcHandler.<>c__DisplayClass6.<BeginProcessRequest>b__2()
   at System.Web.Mvc.SecurityUtil.<>c__DisplayClassb`1.<ProcessInApplicationTrust>b__a()
   at System.Web.Mvc.SecurityUtil.<GetCallInAppTrustThunk>b__0(Action f)
   at System.Web.Mvc.SecurityUtil.ProcessInApplicationTrust(Action action)
   at System.Web.Mvc.SecurityUtil.ProcessInApplicationTrust[TResult](Func`1 func)
   at System.Web.Mvc.MvcHandler.BeginProcessRequest(HttpContextBase httpContext, AsyncCallback callback, Object state)
   at System.Web.Mvc.MvcHandler.BeginProcessRequest(HttpContext httpContext, AsyncCallback callback, Object state)
   at System.Web.Mvc.MvcHandler.System.Web.IHttpAsyncHandler.BeginProcessRequest(HttpContext context, AsyncCallback cb, Object extraData)
   at System.Web.HttpApplication.CallHandlerExecutionStep.System.Web.HttpApplication.IExecutionStep.Execute()
   at System.Web.HttpApplication.ExecuteStep(IExecutionStep step, Boolean& completedSynchronously)
   --- End of inner exception stack trace ---

------------------

[2012/12/24 17:05:21][HTB.DevFx.Exceptions.Web.HttpWebExceptionHandler][[70000]ERROR]
Test Exception Module
GET http://localhost:8296/
hash code:49068380
request headers:
Cache-Control=max-age%3d0&Connection=keep-alive&Accept=text%2fhtml%2capplication%2fxhtml%2bxml%2capplication%2fxml%3bq%3d0.9%2c*%2f*%3bq%3d0.8&Accept-Charset=GBK%2cutf-8%3bq%3d0.7%2c*%3bq%3d0.3&Accept-Encoding=gzip%2cdeflate%2csdch&Accept-Language=zh-CN%2czh%3bq%3d0.8&Cookie=panelstate_ActiveDiscussions%3d0%3b+panelstate_InformationPanel%3d0%3b+panelstate_ShoutBoxPanel%3d1%3b+panelstate_categoryPanel1%3d0%3b+PreviousVisit%3d8%2f24%2f2012+12%3a21%3a57+PM%3b+CNZZDATA4659444%3dcnzz_eid%3d57211118-1350909427-%26ntime%3d1350914942%26cnzz_a%3d5%26retime%3d1350915108022%26sin%3d%26ltime%3d1350915108022%26rtime%3d0&Host=localhost%3a8296&User-Agent=Mozilla%2f5.0+(Windows+NT+6.1%3b+WOW64)+AppleWebKit%2f537.11+(KHTML%2c+like+Gecko)+Chrome%2f23.0.1271.97+Safari%2f537.11
request data:

client ip:127.0.0.1
server name/ip:R2-NB
auth username:
duration:61.0035
error data:
System.Exception: Test Exception Module
   at MvcApplication1.Controllers.HomeController.Index() in D:\WorkShop\DevFx\CodeplexNew\trunk\Testing\MvcApplication1\Controllers\HomeController.cs:line 9
   at lambda_method(Closure , ControllerBase , Object[] )
   at System.Web.Mvc.ActionMethodDispatcher.Execute(ControllerBase controller, Object[] parameters)
   at System.Web.Mvc.ReflectedActionDescriptor.Execute(ControllerContext controllerContext, IDictionary`2 parameters)
   at System.Web.Mvc.ControllerActionInvoker.InvokeActionMethod(ControllerContext controllerContext, ActionDescriptor actionDescriptor, IDictionary`2 parameters)
   at System.Web.Mvc.ControllerActionInvoker.<>c__DisplayClass15.<InvokeActionMethodWithFilters>b__12()
   at System.Web.Mvc.ControllerActionInvoker.InvokeActionMethodFilter(IActionFilter filter, ActionExecutingContext preContext, Func`1 continuation)
   at System.Web.Mvc.ControllerActionInvoker.<>c__DisplayClass15.<>c__DisplayClass17.<InvokeActionMethodWithFilters>b__14()
   at System.Web.Mvc.ControllerActionInvoker.InvokeActionMethodWithFilters(ControllerContext controllerContext, IList`1 filters, ActionDescriptor actionDescriptor, IDictionary`2 parameters)
   at System.Web.Mvc.ControllerActionInvoker.InvokeAction(ControllerContext controllerContext, String actionName)
   at System.Web.Mvc.Controller.ExecuteCore()
   at System.Web.Mvc.ControllerBase.Execute(RequestContext requestContext)
   at System.Web.Mvc.ControllerBase.System.Web.Mvc.IController.Execute(RequestContext requestContext)
   at System.Web.Mvc.MvcHandler.<>c__DisplayClass6.<>c__DisplayClassb.<BeginProcessRequest>b__5()
   at System.Web.Mvc.Async.AsyncResultWrapper.<>c__DisplayClass1.<MakeVoidDelegate>b__0()
   at System.Web.Mvc.Async.AsyncResultWrapper.<>c__DisplayClass8`1.<BeginSynchronous>b__7(IAsyncResult _)
   at System.Web.Mvc.Async.AsyncResultWrapper.WrappedAsyncResult`1.End()
   at System.Web.Mvc.MvcHandler.<>c__DisplayClasse.<EndProcessRequest>b__d()
   at System.Web.Mvc.SecurityUtil.<GetCallInAppTrustThunk>b__0(Action f)
   at System.Web.Mvc.SecurityUtil.ProcessInApplicationTrust(Action action)
   at System.Web.Mvc.MvcHandler.EndProcessRequest(IAsyncResult asyncResult)
   at System.Web.Mvc.MvcHandler.System.Web.IHttpAsyncHandler.EndProcessRequest(IAsyncResult result)
   at System.Web.HttpApplication.CallHandlerExecutionStep.System.Web.HttpApplication.IExecutionStep.Execute()
   at System.Web.HttpApplication.ExecuteStep(IExecutionStep step, Boolean& completedSynchronously)


------------------
[2012/12/24 17:05:21][HTB.DevFx.Exceptions.Web.HttpWebExceptionHandler][[70000]ERROR]
The controller for path '/favicon.ico' was not found or does not implement IController.
GET http://localhost:8296/favicon.ico
hash code:18441227
request headers:
Connection=keep-alive&Accept=*%2f*&Accept-Charset=GBK%2cutf-8%3bq%3d0.7%2c*%3bq%3d0.3&Accept-Encoding=gzip%2cdeflate%2csdch&Accept-Language=zh-CN%2czh%3bq%3d0.8&Cookie=panelstate_ActiveDiscussions%3d0%3b+panelstate_InformationPanel%3d0%3b+panelstate_ShoutBoxPanel%3d1%3b+panelstate_categoryPanel1%3d0%3b+PreviousVisit%3d8%2f24%2f2012+12%3a21%3a57+PM%3b+CNZZDATA4659444%3dcnzz_eid%3d57211118-1350909427-%26ntime%3d1350914942%26cnzz_a%3d5%26retime%3d1350915108022%26sin%3d%26ltime%3d1350915108022%26rtime%3d0&Host=localhost%3a8296&User-Agent=Mozilla%2f5.0+(Windows+NT+6.1%3b+WOW64)+AppleWebKit%2f537.11+(KHTML%2c+like+Gecko)+Chrome%2f23.0.1271.97+Safari%2f537.11
request data:

client ip:127.0.0.1
server name/ip:R2-NB
auth username:
duration:2.0001
error data:
System.Web.HttpException (0x80004005): The controller for path '/favicon.ico' was not found or does not implement IController.
   at System.Web.Mvc.DefaultControllerFactory.GetControllerInstance(RequestContext requestContext, Type controllerType)
   at System.Web.Mvc.DefaultControllerFactory.CreateController(RequestContext requestContext, String controllerName)
   at System.Web.Mvc.MvcHandler.ProcessRequestInit(HttpContextBase httpContext, IController& controller, IControllerFactory& factory)
   at System.Web.Mvc.MvcHandler.<>c__DisplayClass6.<BeginProcessRequest>b__2()
   at System.Web.Mvc.SecurityUtil.<>c__DisplayClassb`1.<ProcessInApplicationTrust>b__a()
   at System.Web.Mvc.SecurityUtil.<GetCallInAppTrustThunk>b__0(Action f)
   at System.Web.Mvc.SecurityUtil.ProcessInApplicationTrust(Action action)
   at System.Web.Mvc.SecurityUtil.ProcessInApplicationTrust[TResult](Func`1 func)
   at System.Web.Mvc.MvcHandler.BeginProcessRequest(HttpContextBase httpContext, AsyncCallback callback, Object state)
   at System.Web.Mvc.MvcHandler.BeginProcessRequest(HttpContext httpContext, AsyncCallback callback, Object state)
   at System.Web.Mvc.MvcHandler.System.Web.IHttpAsyncHandler.BeginProcessRequest(HttpContext context, AsyncCallback cb, Object extraData)
   at System.Web.HttpApplication.CallHandlerExecutionStep.System.Web.HttpApplication.IExecutionStep.Execute()
   at System.Web.HttpApplication.ExecuteStep(IExecutionStep step, Boolean& completedSynchronously)


------------------

[2012/12/24 17:08:53][HTB.DevFx.Exceptions.Web.HttpWebExceptionHandler][[70000]ERROR]
Test Exception Module
GET http://localhost:8296/
hash code:9641560
request headers:
Cache-Control=max-age%3d0&Connection=keep-alive&Accept=text%2fhtml%2capplication%2fxhtml%2bxml%2capplication%2fxml%3bq%3d0.9%2c*%2f*%3bq%3d0.8&Accept-Charset=GBK%2cutf-8%3bq%3d0.7%2c*%3bq%3d0.3&Accept-Encoding=gzip%2cdeflate%2csdch&Accept-Language=zh-CN%2czh%3bq%3d0.8&Cookie=panelstate_ActiveDiscussions%3d0%3b+panelstate_InformationPanel%3d0%3b+panelstate_ShoutBoxPanel%3d1%3b+panelstate_categoryPanel1%3d0%3b+PreviousVisit%3d8%2f24%2f2012+12%3a21%3a57+PM%3b+CNZZDATA4659444%3dcnzz_eid%3d57211118-1350909427-%26ntime%3d1350914942%26cnzz_a%3d5%26retime%3d1350915108022%26sin%3d%26ltime%3d1350915108022%26rtime%3d0&Host=localhost%3a8296&User-Agent=Mozilla%2f5.0+(Windows+NT+6.1%3b+WOW64)+AppleWebKit%2f537.11+(KHTML%2c+like+Gecko)+Chrome%2f23.0.1271.97+Safari%2f537.11
request data:

client ip:127.0.0.1
server name/ip:R2-NB
auth username:
duration:67.0038
error data:
System.Exception: Test Exception Module
   at MvcApplication1.Controllers.HomeController.Index() in D:\WorkShop\DevFx\CodeplexNew\trunk\Testing\MvcApplication1\Controllers\HomeController.cs:line 9
   at lambda_method(Closure , ControllerBase , Object[] )
   at System.Web.Mvc.ActionMethodDispatcher.Execute(ControllerBase controller, Object[] parameters)
   at System.Web.Mvc.ReflectedActionDescriptor.Execute(ControllerContext controllerContext, IDictionary`2 parameters)
   at System.Web.Mvc.ControllerActionInvoker.InvokeActionMethod(ControllerContext controllerContext, ActionDescriptor actionDescriptor, IDictionary`2 parameters)
   at System.Web.Mvc.ControllerActionInvoker.<>c__DisplayClass15.<InvokeActionMethodWithFilters>b__12()
   at System.Web.Mvc.ControllerActionInvoker.InvokeActionMethodFilter(IActionFilter filter, ActionExecutingContext preContext, Func`1 continuation)
   at System.Web.Mvc.ControllerActionInvoker.<>c__DisplayClass15.<>c__DisplayClass17.<InvokeActionMethodWithFilters>b__14()
   at System.Web.Mvc.ControllerActionInvoker.InvokeActionMethodWithFilters(ControllerContext controllerContext, IList`1 filters, ActionDescriptor actionDescriptor, IDictionary`2 parameters)
   at System.Web.Mvc.ControllerActionInvoker.InvokeAction(ControllerContext controllerContext, String actionName)
   at System.Web.Mvc.Controller.ExecuteCore()
   at System.Web.Mvc.ControllerBase.Execute(RequestContext requestContext)
   at System.Web.Mvc.ControllerBase.System.Web.Mvc.IController.Execute(RequestContext requestContext)
   at System.Web.Mvc.MvcHandler.<>c__DisplayClass6.<>c__DisplayClassb.<BeginProcessRequest>b__5()
   at System.Web.Mvc.Async.AsyncResultWrapper.<>c__DisplayClass1.<MakeVoidDelegate>b__0()
   at System.Web.Mvc.Async.AsyncResultWrapper.<>c__DisplayClass8`1.<BeginSynchronous>b__7(IAsyncResult _)
   at System.Web.Mvc.Async.AsyncResultWrapper.WrappedAsyncResult`1.End()
   at System.Web.Mvc.MvcHandler.<>c__DisplayClasse.<EndProcessRequest>b__d()
   at System.Web.Mvc.SecurityUtil.<GetCallInAppTrustThunk>b__0(Action f)
   at System.Web.Mvc.SecurityUtil.ProcessInApplicationTrust(Action action)
   at System.Web.Mvc.MvcHandler.EndProcessRequest(IAsyncResult asyncResult)
   at System.Web.Mvc.MvcHandler.System.Web.IHttpAsyncHandler.EndProcessRequest(IAsyncResult result)
   at System.Web.HttpApplication.CallHandlerExecutionStep.System.Web.HttpApplication.IExecutionStep.Execute()
   at System.Web.HttpApplication.ExecuteStep(IExecutionStep step, Boolean& completedSynchronously)


------------------
[2012/12/24 17:08:53][HTB.DevFx.Exceptions.Web.HttpWebExceptionHandler][[70000]ERROR]
The controller for path '/favicon.ico' was not found or does not implement IController.
GET http://localhost:8296/favicon.ico
hash code:34840163
request headers:
Connection=keep-alive&Accept=*%2f*&Accept-Charset=GBK%2cutf-8%3bq%3d0.7%2c*%3bq%3d0.3&Accept-Encoding=gzip%2cdeflate%2csdch&Accept-Language=zh-CN%2czh%3bq%3d0.8&Cookie=panelstate_ActiveDiscussions%3d0%3b+panelstate_InformationPanel%3d0%3b+panelstate_ShoutBoxPanel%3d1%3b+panelstate_categoryPanel1%3d0%3b+PreviousVisit%3d8%2f24%2f2012+12%3a21%3a57+PM%3b+CNZZDATA4659444%3dcnzz_eid%3d57211118-1350909427-%26ntime%3d1350914942%26cnzz_a%3d5%26retime%3d1350915108022%26sin%3d%26ltime%3d1350915108022%26rtime%3d0&Host=localhost%3a8296&User-Agent=Mozilla%2f5.0+(Windows+NT+6.1%3b+WOW64)+AppleWebKit%2f537.11+(KHTML%2c+like+Gecko)+Chrome%2f23.0.1271.97+Safari%2f537.11
request data:

client ip:127.0.0.1
server name/ip:R2-NB
auth username:
duration:2.0001
error data:
System.Web.HttpException (0x80004005): The controller for path '/favicon.ico' was not found or does not implement IController.
   at System.Web.Mvc.DefaultControllerFactory.GetControllerInstance(RequestContext requestContext, Type controllerType)
   at System.Web.Mvc.DefaultControllerFactory.CreateController(RequestContext requestContext, String controllerName)
   at System.Web.Mvc.MvcHandler.ProcessRequestInit(HttpContextBase httpContext, IController& controller, IControllerFactory& factory)
   at System.Web.Mvc.MvcHandler.<>c__DisplayClass6.<BeginProcessRequest>b__2()
   at System.Web.Mvc.SecurityUtil.<>c__DisplayClassb`1.<ProcessInApplicationTrust>b__a()
   at System.Web.Mvc.SecurityUtil.<GetCallInAppTrustThunk>b__0(Action f)
   at System.Web.Mvc.SecurityUtil.ProcessInApplicationTrust(Action action)
   at System.Web.Mvc.SecurityUtil.ProcessInApplicationTrust[TResult](Func`1 func)
   at System.Web.Mvc.MvcHandler.BeginProcessRequest(HttpContextBase httpContext, AsyncCallback callback, Object state)
   at System.Web.Mvc.MvcHandler.BeginProcessRequest(HttpContext httpContext, AsyncCallback callback, Object state)
   at System.Web.Mvc.MvcHandler.System.Web.IHttpAsyncHandler.BeginProcessRequest(HttpContext context, AsyncCallback cb, Object extraData)
   at System.Web.HttpApplication.CallHandlerExecutionStep.System.Web.HttpApplication.IExecutionStep.Execute()
   at System.Web.HttpApplication.ExecuteStep(IExecutionStep step, Boolean& completedSynchronously)


------------------

[2012/12/24 17:09:25][HTB.DevFx.Exceptions.Web.HttpWebExceptionHandler][[70000]ERROR]
Test Exception Module
GET http://localhost:8296/
hash code:3230133
request headers:
Cache-Control=max-age%3d0&Connection=keep-alive&Accept=text%2fhtml%2capplication%2fxhtml%2bxml%2capplication%2fxml%3bq%3d0.9%2c*%2f*%3bq%3d0.8&Accept-Charset=GBK%2cutf-8%3bq%3d0.7%2c*%3bq%3d0.3&Accept-Encoding=gzip%2cdeflate%2csdch&Accept-Language=zh-CN%2czh%3bq%3d0.8&Cookie=panelstate_ActiveDiscussions%3d0%3b+panelstate_InformationPanel%3d0%3b+panelstate_ShoutBoxPanel%3d1%3b+panelstate_categoryPanel1%3d0%3b+PreviousVisit%3d8%2f24%2f2012+12%3a21%3a57+PM%3b+CNZZDATA4659444%3dcnzz_eid%3d57211118-1350909427-%26ntime%3d1350914942%26cnzz_a%3d5%26retime%3d1350915108022%26sin%3d%26ltime%3d1350915108022%26rtime%3d0&Host=localhost%3a8296&User-Agent=Mozilla%2f5.0+(Windows+NT+6.1%3b+WOW64)+AppleWebKit%2f537.11+(KHTML%2c+like+Gecko)+Chrome%2f23.0.1271.97+Safari%2f537.11
request data:

client ip:127.0.0.1
server name/ip:R2-NB
auth username:
duration:1
error data:
System.Exception: Test Exception Module
   at MvcApplication1.Controllers.HomeController.Index() in D:\WorkShop\DevFx\CodeplexNew\trunk\Testing\MvcApplication1\Controllers\HomeController.cs:line 9
   at lambda_method(Closure , ControllerBase , Object[] )
   at System.Web.Mvc.ActionMethodDispatcher.Execute(ControllerBase controller, Object[] parameters)
   at System.Web.Mvc.ReflectedActionDescriptor.Execute(ControllerContext controllerContext, IDictionary`2 parameters)
   at System.Web.Mvc.ControllerActionInvoker.InvokeActionMethod(ControllerContext controllerContext, ActionDescriptor actionDescriptor, IDictionary`2 parameters)
   at System.Web.Mvc.ControllerActionInvoker.<>c__DisplayClass15.<InvokeActionMethodWithFilters>b__12()
   at System.Web.Mvc.ControllerActionInvoker.InvokeActionMethodFilter(IActionFilter filter, ActionExecutingContext preContext, Func`1 continuation)
   at System.Web.Mvc.ControllerActionInvoker.<>c__DisplayClass15.<>c__DisplayClass17.<InvokeActionMethodWithFilters>b__14()
   at System.Web.Mvc.ControllerActionInvoker.InvokeActionMethodWithFilters(ControllerContext controllerContext, IList`1 filters, ActionDescriptor actionDescriptor, IDictionary`2 parameters)
   at System.Web.Mvc.ControllerActionInvoker.InvokeAction(ControllerContext controllerContext, String actionName)
   at System.Web.Mvc.Controller.ExecuteCore()
   at System.Web.Mvc.ControllerBase.Execute(RequestContext requestContext)
   at System.Web.Mvc.ControllerBase.System.Web.Mvc.IController.Execute(RequestContext requestContext)
   at System.Web.Mvc.MvcHandler.<>c__DisplayClass6.<>c__DisplayClassb.<BeginProcessRequest>b__5()
   at System.Web.Mvc.Async.AsyncResultWrapper.<>c__DisplayClass1.<MakeVoidDelegate>b__0()
   at System.Web.Mvc.Async.AsyncResultWrapper.<>c__DisplayClass8`1.<BeginSynchronous>b__7(IAsyncResult _)
   at System.Web.Mvc.Async.AsyncResultWrapper.WrappedAsyncResult`1.End()
   at System.Web.Mvc.MvcHandler.<>c__DisplayClasse.<EndProcessRequest>b__d()
   at System.Web.Mvc.SecurityUtil.<GetCallInAppTrustThunk>b__0(Action f)
   at System.Web.Mvc.SecurityUtil.ProcessInApplicationTrust(Action action)
   at System.Web.Mvc.MvcHandler.EndProcessRequest(IAsyncResult asyncResult)
   at System.Web.Mvc.MvcHandler.System.Web.IHttpAsyncHandler.EndProcessRequest(IAsyncResult result)
   at System.Web.HttpApplication.CallHandlerExecutionStep.System.Web.HttpApplication.IExecutionStep.Execute()
   at System.Web.HttpApplication.ExecuteStep(IExecutionStep step, Boolean& completedSynchronously)


------------------
[2012/12/24 17:09:25][HTB.DevFx.Exceptions.Web.HttpWebExceptionHandler][[70000]ERROR]
The controller for path '/favicon.ico' was not found or does not implement IController.
GET http://localhost:8296/favicon.ico
hash code:45657231
request headers:
Connection=keep-alive&Accept=*%2f*&Accept-Charset=GBK%2cutf-8%3bq%3d0.7%2c*%3bq%3d0.3&Accept-Encoding=gzip%2cdeflate%2csdch&Accept-Language=zh-CN%2czh%3bq%3d0.8&Cookie=panelstate_ActiveDiscussions%3d0%3b+panelstate_InformationPanel%3d0%3b+panelstate_ShoutBoxPanel%3d1%3b+panelstate_categoryPanel1%3d0%3b+PreviousVisit%3d8%2f24%2f2012+12%3a21%3a57+PM%3b+CNZZDATA4659444%3dcnzz_eid%3d57211118-1350909427-%26ntime%3d1350914942%26cnzz_a%3d5%26retime%3d1350915108022%26sin%3d%26ltime%3d1350915108022%26rtime%3d0&Host=localhost%3a8296&User-Agent=Mozilla%2f5.0+(Windows+NT+6.1%3b+WOW64)+AppleWebKit%2f537.11+(KHTML%2c+like+Gecko)+Chrome%2f23.0.1271.97+Safari%2f537.11
request data:

client ip:127.0.0.1
server name/ip:R2-NB
auth username:
duration:1.0001
error data:
System.Web.HttpException (0x80004005): The controller for path '/favicon.ico' was not found or does not implement IController.
   at System.Web.Mvc.DefaultControllerFactory.GetControllerInstance(RequestContext requestContext, Type controllerType)
   at System.Web.Mvc.DefaultControllerFactory.CreateController(RequestContext requestContext, String controllerName)
   at System.Web.Mvc.MvcHandler.ProcessRequestInit(HttpContextBase httpContext, IController& controller, IControllerFactory& factory)
   at System.Web.Mvc.MvcHandler.<>c__DisplayClass6.<BeginProcessRequest>b__2()
   at System.Web.Mvc.SecurityUtil.<>c__DisplayClassb`1.<ProcessInApplicationTrust>b__a()
   at System.Web.Mvc.SecurityUtil.<GetCallInAppTrustThunk>b__0(Action f)
   at System.Web.Mvc.SecurityUtil.ProcessInApplicationTrust(Action action)
   at System.Web.Mvc.SecurityUtil.ProcessInApplicationTrust[TResult](Func`1 func)
   at System.Web.Mvc.MvcHandler.BeginProcessRequest(HttpContextBase httpContext, AsyncCallback callback, Object state)
   at System.Web.Mvc.MvcHandler.BeginProcessRequest(HttpContext httpContext, AsyncCallback callback, Object state)
   at System.Web.Mvc.MvcHandler.System.Web.IHttpAsyncHandler.BeginProcessRequest(HttpContext context, AsyncCallback cb, Object extraData)
   at System.Web.HttpApplication.CallHandlerExecutionStep.System.Web.HttpApplication.IExecutionStep.Execute()
   at System.Web.HttpApplication.ExecuteStep(IExecutionStep step, Boolean& completedSynchronously)


------------------

[2012/12/24 17:15:44][HTB.DevFx.Exceptions.Web.HttpWebExceptionHandler][[70000]ERROR]
A public action method '1' was not found on controller 'MvcApplication1.Controllers.HomeController'.
GET http://localhost:8296/home/1
hash code:25222203
request headers:
Cache-Control=max-age%3d0&Connection=keep-alive&Accept=text%2fhtml%2capplication%2fxhtml%2bxml%2capplication%2fxml%3bq%3d0.9%2c*%2f*%3bq%3d0.8&Accept-Charset=GBK%2cutf-8%3bq%3d0.7%2c*%3bq%3d0.3&Accept-Encoding=gzip%2cdeflate%2csdch&Accept-Language=zh-CN%2czh%3bq%3d0.8&Cookie=panelstate_ActiveDiscussions%3d0%3b+panelstate_InformationPanel%3d0%3b+panelstate_ShoutBoxPanel%3d1%3b+panelstate_categoryPanel1%3d0%3b+PreviousVisit%3d8%2f24%2f2012+12%3a21%3a57+PM%3b+CNZZDATA4659444%3dcnzz_eid%3d57211118-1350909427-%26ntime%3d1350914942%26cnzz_a%3d5%26retime%3d1350915108022%26sin%3d%26ltime%3d1350915108022%26rtime%3d0&Host=localhost%3a8296&User-Agent=Mozilla%2f5.0+(Windows+NT+6.1%3b+WOW64)+AppleWebKit%2f537.11+(KHTML%2c+like+Gecko)+Chrome%2f23.0.1271.97+Safari%2f537.11
request data:

client ip:127.0.0.1
server name/ip:R2-NB
auth username:
duration:4.0002
error data:
System.Web.HttpException (0x80004005): A public action method '1' was not found on controller 'MvcApplication1.Controllers.HomeController'.
   at System.Web.Mvc.Controller.HandleUnknownAction(String actionName)
   at System.Web.Mvc.Controller.ExecuteCore()
   at System.Web.Mvc.ControllerBase.Execute(RequestContext requestContext)
   at System.Web.Mvc.ControllerBase.System.Web.Mvc.IController.Execute(RequestContext requestContext)
   at System.Web.Mvc.MvcHandler.<>c__DisplayClass6.<>c__DisplayClassb.<BeginProcessRequest>b__5()
   at System.Web.Mvc.Async.AsyncResultWrapper.<>c__DisplayClass1.<MakeVoidDelegate>b__0()
   at System.Web.Mvc.Async.AsyncResultWrapper.<>c__DisplayClass8`1.<BeginSynchronous>b__7(IAsyncResult _)
   at System.Web.Mvc.Async.AsyncResultWrapper.WrappedAsyncResult`1.End()
   at System.Web.Mvc.MvcHandler.<>c__DisplayClasse.<EndProcessRequest>b__d()
   at System.Web.Mvc.SecurityUtil.<GetCallInAppTrustThunk>b__0(Action f)
   at System.Web.Mvc.SecurityUtil.ProcessInApplicationTrust(Action action)
   at System.Web.Mvc.MvcHandler.EndProcessRequest(IAsyncResult asyncResult)
   at System.Web.Mvc.MvcHandler.System.Web.IHttpAsyncHandler.EndProcessRequest(IAsyncResult result)
   at System.Web.HttpApplication.CallHandlerExecutionStep.System.Web.HttpApplication.IExecutionStep.Execute()
   at System.Web.HttpApplication.ExecuteStep(IExecutionStep step, Boolean& completedSynchronously)


------------------
[2012/12/24 17:15:45][HTB.DevFx.Exceptions.Web.HttpWebExceptionHandler][[70000]ERROR]
The controller for path '/favicon.ico' was not found or does not implement IController.
GET http://localhost:8296/favicon.ico
hash code:52024921
request headers:
Connection=keep-alive&Accept=*%2f*&Accept-Charset=GBK%2cutf-8%3bq%3d0.7%2c*%3bq%3d0.3&Accept-Encoding=gzip%2cdeflate%2csdch&Accept-Language=zh-CN%2czh%3bq%3d0.8&Cookie=panelstate_ActiveDiscussions%3d0%3b+panelstate_InformationPanel%3d0%3b+panelstate_ShoutBoxPanel%3d1%3b+panelstate_categoryPanel1%3d0%3b+PreviousVisit%3d8%2f24%2f2012+12%3a21%3a57+PM%3b+CNZZDATA4659444%3dcnzz_eid%3d57211118-1350909427-%26ntime%3d1350914942%26cnzz_a%3d5%26retime%3d1350915108022%26sin%3d%26ltime%3d1350915108022%26rtime%3d0&Host=localhost%3a8296&User-Agent=Mozilla%2f5.0+(Windows+NT+6.1%3b+WOW64)+AppleWebKit%2f537.11+(KHTML%2c+like+Gecko)+Chrome%2f23.0.1271.97+Safari%2f537.11
request data:

client ip:127.0.0.1
server name/ip:R2-NB
auth username:
duration:1.0001
error data:
System.Web.HttpException (0x80004005): The controller for path '/favicon.ico' was not found or does not implement IController.
   at System.Web.Mvc.DefaultControllerFactory.GetControllerInstance(RequestContext requestContext, Type controllerType)
   at System.Web.Mvc.DefaultControllerFactory.CreateController(RequestContext requestContext, String controllerName)
   at System.Web.Mvc.MvcHandler.ProcessRequestInit(HttpContextBase httpContext, IController& controller, IControllerFactory& factory)
   at System.Web.Mvc.MvcHandler.<>c__DisplayClass6.<BeginProcessRequest>b__2()
   at System.Web.Mvc.SecurityUtil.<>c__DisplayClassb`1.<ProcessInApplicationTrust>b__a()
   at System.Web.Mvc.SecurityUtil.<GetCallInAppTrustThunk>b__0(Action f)
   at System.Web.Mvc.SecurityUtil.ProcessInApplicationTrust(Action action)
   at System.Web.Mvc.SecurityUtil.ProcessInApplicationTrust[TResult](Func`1 func)
   at System.Web.Mvc.MvcHandler.BeginProcessRequest(HttpContextBase httpContext, AsyncCallback callback, Object state)
   at System.Web.Mvc.MvcHandler.BeginProcessRequest(HttpContext httpContext, AsyncCallback callback, Object state)
   at System.Web.Mvc.MvcHandler.System.Web.IHttpAsyncHandler.BeginProcessRequest(HttpContext context, AsyncCallback cb, Object extraData)
   at System.Web.HttpApplication.CallHandlerExecutionStep.System.Web.HttpApplication.IExecutionStep.Execute()
   at System.Web.HttpApplication.ExecuteStep(IExecutionStep step, Boolean& completedSynchronously)


------------------

[2012/12/24 17:23:20][HTB.DevFx.Exceptions.Web.HttpWebExceptionHandler][[70000]ERROR]
A public action method '1' was not found on controller 'MvcApplication1.Controllers.HomeController'.
GET http://localhost:8296/home/1
hash code:66061032
request headers:
Cache-Control=max-age%3d0&Connection=keep-alive&Accept=text%2fhtml%2capplication%2fxhtml%2bxml%2capplication%2fxml%3bq%3d0.9%2c*%2f*%3bq%3d0.8&Accept-Charset=GBK%2cutf-8%3bq%3d0.7%2c*%3bq%3d0.3&Accept-Encoding=gzip%2cdeflate%2csdch&Accept-Language=zh-CN%2czh%3bq%3d0.8&Cookie=panelstate_ActiveDiscussions%3d0%3b+panelstate_InformationPanel%3d0%3b+panelstate_ShoutBoxPanel%3d1%3b+panelstate_categoryPanel1%3d0%3b+PreviousVisit%3d8%2f24%2f2012+12%3a21%3a57+PM%3b+CNZZDATA4659444%3dcnzz_eid%3d57211118-1350909427-%26ntime%3d1350914942%26cnzz_a%3d5%26retime%3d1350915108022%26sin%3d%26ltime%3d1350915108022%26rtime%3d0&Host=localhost%3a8296&User-Agent=Mozilla%2f5.0+(Windows+NT+6.1%3b+WOW64)+AppleWebKit%2f537.11+(KHTML%2c+like+Gecko)+Chrome%2f23.0.1271.97+Safari%2f537.11
request data:

client ip:127.0.0.1
server name/ip:R2-NB
auth username:
duration:74.0042
error data:
System.Web.HttpException (0x80004005): A public action method '1' was not found on controller 'MvcApplication1.Controllers.HomeController'.
   at System.Web.Mvc.Controller.HandleUnknownAction(String actionName)
   at System.Web.Mvc.Controller.ExecuteCore()
   at System.Web.Mvc.ControllerBase.Execute(RequestContext requestContext)
   at System.Web.Mvc.ControllerBase.System.Web.Mvc.IController.Execute(RequestContext requestContext)
   at System.Web.Mvc.MvcHandler.<>c__DisplayClass6.<>c__DisplayClassb.<BeginProcessRequest>b__5()
   at System.Web.Mvc.Async.AsyncResultWrapper.<>c__DisplayClass1.<MakeVoidDelegate>b__0()
   at System.Web.Mvc.Async.AsyncResultWrapper.<>c__DisplayClass8`1.<BeginSynchronous>b__7(IAsyncResult _)
   at System.Web.Mvc.Async.AsyncResultWrapper.WrappedAsyncResult`1.End()
   at System.Web.Mvc.MvcHandler.<>c__DisplayClasse.<EndProcessRequest>b__d()
   at System.Web.Mvc.SecurityUtil.<GetCallInAppTrustThunk>b__0(Action f)
   at System.Web.Mvc.SecurityUtil.ProcessInApplicationTrust(Action action)
   at System.Web.Mvc.MvcHandler.EndProcessRequest(IAsyncResult asyncResult)
   at System.Web.Mvc.MvcHandler.System.Web.IHttpAsyncHandler.EndProcessRequest(IAsyncResult result)
   at System.Web.HttpApplication.CallHandlerExecutionStep.System.Web.HttpApplication.IExecutionStep.Execute()
   at System.Web.HttpApplication.ExecuteStep(IExecutionStep step, Boolean& completedSynchronously)


------------------
[2012/12/24 17:23:20][HTB.DevFx.Exceptions.Web.HttpWebExceptionHandler][[70000]ERROR]
The controller for path '/favicon.ico' was not found or does not implement IController.
GET http://localhost:8296/favicon.ico
hash code:3835896
request headers:
Connection=keep-alive&Accept=*%2f*&Accept-Charset=GBK%2cutf-8%3bq%3d0.7%2c*%3bq%3d0.3&Accept-Encoding=gzip%2cdeflate%2csdch&Accept-Language=zh-CN%2czh%3bq%3d0.8&Cookie=panelstate_ActiveDiscussions%3d0%3b+panelstate_InformationPanel%3d0%3b+panelstate_ShoutBoxPanel%3d1%3b+panelstate_categoryPanel1%3d0%3b+PreviousVisit%3d8%2f24%2f2012+12%3a21%3a57+PM%3b+CNZZDATA4659444%3dcnzz_eid%3d57211118-1350909427-%26ntime%3d1350914942%26cnzz_a%3d5%26retime%3d1350915108022%26sin%3d%26ltime%3d1350915108022%26rtime%3d0&Host=localhost%3a8296&User-Agent=Mozilla%2f5.0+(Windows+NT+6.1%3b+WOW64)+AppleWebKit%2f537.11+(KHTML%2c+like+Gecko)+Chrome%2f23.0.1271.97+Safari%2f537.11
request data:

client ip:127.0.0.1
server name/ip:R2-NB
auth username:
duration:3.0002
error data:
System.Web.HttpException (0x80004005): The controller for path '/favicon.ico' was not found or does not implement IController.
   at System.Web.Mvc.DefaultControllerFactory.GetControllerInstance(RequestContext requestContext, Type controllerType)
   at System.Web.Mvc.DefaultControllerFactory.CreateController(RequestContext requestContext, String controllerName)
   at System.Web.Mvc.MvcHandler.ProcessRequestInit(HttpContextBase httpContext, IController& controller, IControllerFactory& factory)
   at System.Web.Mvc.MvcHandler.<>c__DisplayClass6.<BeginProcessRequest>b__2()
   at System.Web.Mvc.SecurityUtil.<>c__DisplayClassb`1.<ProcessInApplicationTrust>b__a()
   at System.Web.Mvc.SecurityUtil.<GetCallInAppTrustThunk>b__0(Action f)
   at System.Web.Mvc.SecurityUtil.ProcessInApplicationTrust(Action action)
   at System.Web.Mvc.SecurityUtil.ProcessInApplicationTrust[TResult](Func`1 func)
   at System.Web.Mvc.MvcHandler.BeginProcessRequest(HttpContextBase httpContext, AsyncCallback callback, Object state)
   at System.Web.Mvc.MvcHandler.BeginProcessRequest(HttpContext httpContext, AsyncCallback callback, Object state)
   at System.Web.Mvc.MvcHandler.System.Web.IHttpAsyncHandler.BeginProcessRequest(HttpContext context, AsyncCallback cb, Object extraData)
   at System.Web.HttpApplication.CallHandlerExecutionStep.System.Web.HttpApplication.IExecutionStep.Execute()
   at System.Web.HttpApplication.ExecuteStep(IExecutionStep step, Boolean& completedSynchronously)


------------------

[2012/12/24 17:23:37][HTB.DevFx.Exceptions.Web.HttpWebExceptionHandler][[70000]ERROR]
A public action method '1' was not found on controller 'MvcApplication1.Controllers.HomeController'.
GET http://localhost:8296/home/1
hash code:42808736
request headers:
Cache-Control=max-age%3d0&Connection=keep-alive&Accept=text%2fhtml%2capplication%2fxhtml%2bxml%2capplication%2fxml%3bq%3d0.9%2c*%2f*%3bq%3d0.8&Accept-Charset=GBK%2cutf-8%3bq%3d0.7%2c*%3bq%3d0.3&Accept-Encoding=gzip%2cdeflate%2csdch&Accept-Language=zh-CN%2czh%3bq%3d0.8&Cookie=panelstate_ActiveDiscussions%3d0%3b+panelstate_InformationPanel%3d0%3b+panelstate_ShoutBoxPanel%3d1%3b+panelstate_categoryPanel1%3d0%3b+PreviousVisit%3d8%2f24%2f2012+12%3a21%3a57+PM%3b+CNZZDATA4659444%3dcnzz_eid%3d57211118-1350909427-%26ntime%3d1350914942%26cnzz_a%3d5%26retime%3d1350915108022%26sin%3d%26ltime%3d1350915108022%26rtime%3d0&Host=localhost%3a8296&User-Agent=Mozilla%2f5.0+(Windows+NT+6.1%3b+WOW64)+AppleWebKit%2f537.11+(KHTML%2c+like+Gecko)+Chrome%2f23.0.1271.97+Safari%2f537.11
request data:

client ip:127.0.0.1
server name/ip:R2-NB
auth username:
duration:1
error data:
System.Web.HttpException (0x80004005): A public action method '1' was not found on controller 'MvcApplication1.Controllers.HomeController'.
   at System.Web.Mvc.Controller.HandleUnknownAction(String actionName)
   at System.Web.Mvc.Controller.ExecuteCore()
   at System.Web.Mvc.ControllerBase.Execute(RequestContext requestContext)
   at System.Web.Mvc.ControllerBase.System.Web.Mvc.IController.Execute(RequestContext requestContext)
   at System.Web.Mvc.MvcHandler.<>c__DisplayClass6.<>c__DisplayClassb.<BeginProcessRequest>b__5()
   at System.Web.Mvc.Async.AsyncResultWrapper.<>c__DisplayClass1.<MakeVoidDelegate>b__0()
   at System.Web.Mvc.Async.AsyncResultWrapper.<>c__DisplayClass8`1.<BeginSynchronous>b__7(IAsyncResult _)
   at System.Web.Mvc.Async.AsyncResultWrapper.WrappedAsyncResult`1.End()
   at System.Web.Mvc.MvcHandler.<>c__DisplayClasse.<EndProcessRequest>b__d()
   at System.Web.Mvc.SecurityUtil.<GetCallInAppTrustThunk>b__0(Action f)
   at System.Web.Mvc.SecurityUtil.ProcessInApplicationTrust(Action action)
   at System.Web.Mvc.MvcHandler.EndProcessRequest(IAsyncResult asyncResult)
   at System.Web.Mvc.MvcHandler.System.Web.IHttpAsyncHandler.EndProcessRequest(IAsyncResult result)
   at System.Web.HttpApplication.CallHandlerExecutionStep.System.Web.HttpApplication.IExecutionStep.Execute()
   at System.Web.HttpApplication.ExecuteStep(IExecutionStep step, Boolean& completedSynchronously)


------------------
[2012/12/24 17:23:37][HTB.DevFx.Exceptions.Web.HttpWebExceptionHandler][[70000]ERROR]
The controller for path '/favicon.ico' was not found or does not implement IController.
GET http://localhost:8296/favicon.ico
hash code:25812524
request headers:
Connection=keep-alive&Accept=*%2f*&Accept-Charset=GBK%2cutf-8%3bq%3d0.7%2c*%3bq%3d0.3&Accept-Encoding=gzip%2cdeflate%2csdch&Accept-Language=zh-CN%2czh%3bq%3d0.8&Cookie=panelstate_ActiveDiscussions%3d0%3b+panelstate_InformationPanel%3d0%3b+panelstate_ShoutBoxPanel%3d1%3b+panelstate_categoryPanel1%3d0%3b+PreviousVisit%3d8%2f24%2f2012+12%3a21%3a57+PM%3b+CNZZDATA4659444%3dcnzz_eid%3d57211118-1350909427-%26ntime%3d1350914942%26cnzz_a%3d5%26retime%3d1350915108022%26sin%3d%26ltime%3d1350915108022%26rtime%3d0&Host=localhost%3a8296&User-Agent=Mozilla%2f5.0+(Windows+NT+6.1%3b+WOW64)+AppleWebKit%2f537.11+(KHTML%2c+like+Gecko)+Chrome%2f23.0.1271.97+Safari%2f537.11
request data:

client ip:127.0.0.1
server name/ip:R2-NB
auth username:
duration:1.0001
error data:
System.Web.HttpException (0x80004005): The controller for path '/favicon.ico' was not found or does not implement IController.
   at System.Web.Mvc.DefaultControllerFactory.GetControllerInstance(RequestContext requestContext, Type controllerType)
   at System.Web.Mvc.DefaultControllerFactory.CreateController(RequestContext requestContext, String controllerName)
   at System.Web.Mvc.MvcHandler.ProcessRequestInit(HttpContextBase httpContext, IController& controller, IControllerFactory& factory)
   at System.Web.Mvc.MvcHandler.<>c__DisplayClass6.<BeginProcessRequest>b__2()
   at System.Web.Mvc.SecurityUtil.<>c__DisplayClassb`1.<ProcessInApplicationTrust>b__a()
   at System.Web.Mvc.SecurityUtil.<GetCallInAppTrustThunk>b__0(Action f)
   at System.Web.Mvc.SecurityUtil.ProcessInApplicationTrust(Action action)
   at System.Web.Mvc.SecurityUtil.ProcessInApplicationTrust[TResult](Func`1 func)
   at System.Web.Mvc.MvcHandler.BeginProcessRequest(HttpContextBase httpContext, AsyncCallback callback, Object state)
   at System.Web.Mvc.MvcHandler.BeginProcessRequest(HttpContext httpContext, AsyncCallback callback, Object state)
   at System.Web.Mvc.MvcHandler.System.Web.IHttpAsyncHandler.BeginProcessRequest(HttpContext context, AsyncCallback cb, Object extraData)
   at System.Web.HttpApplication.CallHandlerExecutionStep.System.Web.HttpApplication.IExecutionStep.Execute()
   at System.Web.HttpApplication.ExecuteStep(IExecutionStep step, Boolean& completedSynchronously)


------------------

